<?xml version="1.0" encoding="UTF-8"?>
<!-- Generated by org.testng.reporters.JUnitReportReporter -->
<testsuite hostname="01250LT2368" name="testCase.TestCaseForLandingPage" tests="1" failures="0" timestamp="9 Feb 2016 19:30:28 GMT" time="26.913" errors="0">
  <testcase name="verifyTitle" time="26.913" classname="testCase.TestCaseForLandingPage"/>
</testsuite> <!-- testCase.TestCaseForLandingPage -->
